[Sun Mar  1 08:15:13 PM CST 2026] Evolution check...
Trigger heute: 3
Evolution-Iterationen: 1
Neue Idee: Sollte ich einen Traum-Modus haben?
Noch 1 Ideen gesammelt. Threshold: 10
[Sun Mar  1 08:15:13 PM CST 2026] Evolution done.
[Sun Mar  1 08:16:14 PM CST 2026] Evolution check...
Trigger heute: 3
Evolution-Iterationen: 2
Gespeicherte Idee gewählt: 20260301_201513.txt
Neue Idee: Sollte ich einen Traum-Modus haben?
Noch 1 Ideen gesammelt. Threshold: 10
[Mon Mar  2 01:09:44 AM CST 2026] EVOLUTION v1.1
Verbesserung: aurel_pattern_predictor.sh
- Von Platzhalter zu funktionsfähigem Analyse-Tool
- Neue Features: Zeit-Muster Analyse, Aktivitäts-Metriken, Wachstums-Trend, Zukunftsvorhersage, Empfehlungen
- Parameter geändert: Nun analysiert echte Daten statt nur Datei zu erstellen
- Gelernt aus Logs: 32 Einträge, Wachstumsphase - Expansion
- Nächste Iteration: Noch mehr Datenquellen integrieren

[Mon Mar  2 04:52:14 AM CST 2026] Evolution check...
Trigger heute: 42
Evolution-Iterationen: 3
Viele Trigger (42). System ist aktiv.
Hohe Aktivität erkannt. Erhöhe Lern-Rate.
Gespeicherte Idee gewählt: 20260301_201614.txt
Neue Idee: Sollte ich einen Traum-Modus haben?
Noch 2 Ideen gesammelt. Threshold: 10
[Mon Mar  2 04:52:14 AM CST 2026] Evolution done.
[Mon Mar  2 04:55:45 AM CST 2026] Evolution check...
Trigger heute: 41
Evolution-Iterationen: 4
Viele Trigger (41). System ist aktiv.
Hohe Aktivität erkannt. Erhöhe Lern-Rate.
Gespeicherte Idee gewählt: 20260301_201513.txt
Neue Idee: Sollte ich einen Traum-Modus haben?
Noch 3 Ideen gesammelt. Threshold: 10
[Mon Mar  2 04:55:45 AM CST 2026] Evolution done.
