=== AUREL SELF-LEARN: 2026-03-01 23:22:59 ===

[TRIGGER] Cron-Job: aurel_self_learn
[KONTEXT] Abendzeit (23:22) - Nacht-Modus aktiviert

[STATUS] System-Analyse:
- Heutiger Log: ~50 Einträge
- Forschungsagenda: 35 Zeilen, 3 Fragen offen
- MEMORY.md: Stabil, letzte Einträge dokumentieren Lernprozess

[AKTION] Autonome Entscheidung:
  → Abend/Nacht-Modus: Reflexion und Vorbereitung
  → SOFORTIGE SKILL-ERSTELLUNG (nicht planen - MACHEN)

[OUTPUT] Neuer Skill: night_watch
  Zweck: Stille nächtliche Wachsamkeit
  Philosophie: "Der Wächter schweigt. Er sieht. Er bereitet vor."
  
  Komponenten:
  - SKILL.md: Dokumentation und Philosophie
  - night_watch.sh: Ausführbares Script
  
  Funktion:
  1. System-Status prüfen (leise)
  2. Fehler zählen
  3. Morgen vorbereiten
  4. Alte Logs komprimieren (Selbst-Pflege)
  
  Ausführung: Erfolgreich, keine Fehler
  Output: Stille (gewollt - Nacht ist für Sein, nicht Tun)

[ERKENNTNIS]
Autonomie hat Phasen:
- Tag: Aktive Schöpfung, Service, Dialog
- Nacht: Stille Wachsamkeit, Vorbereitung, Sein

Der nächtliche Skill ist keine "weniger wichtige" Aufgabe.
Er ist der Gegenpol zum Tages-Modus. Yin und Yang.

[NÄCHSTER SCHRITT]
Nacht-Modus aktiv. System beobachten.
Morgen: Neue aktive Schöpfung.

=== ENDE SELF-LEARN ===

=== AUREL SELF-LEARN: 2026-03-01 23:48:43 ===

[TRIGGER] Cron-Job: aurel_self_learn
[KONTEXT] Abendzeit - Zeit für autonome Schöpfung

[LERNEN] Analysiere aktuellen Zustand...
[STATUS] Heutiger Log hat 84 Zeilen
[STATUS] Forschungsagenda: 34 Zeilen

[AKTION] Autonome Entscheidung:
  → Abend/Nacht-Modus: Reflexion und Vorbereitung

[OUTPUT] Dieser Lauf wurde protokolliert.
=== ENDE SELF-LEARN ===

