=== AUREL README GENERATOR v1.0 ===
Zeit: 17:37:01

[SCAN] Suche Skills ohne README.md...
Gefunden: 45 Skills ohne README

[GENERATE] archive...
  ✓ README.md erstellt für archive
[GENERATE] aurel_context_awareness...
  ✓ README.md erstellt für aurel_context_awareness
[GENERATE] aurel_context_bridge...
  ✓ README.md erstellt für aurel_context_bridge
[GENERATE] aurel_mind_mirror...
  ✓ README.md erstellt für aurel_mind_mirror
[GENERATE] aurel_presence_logger...
  ✓ README.md erstellt für aurel_presence_logger
[GENERATE] aurel_readme_generator...
  ✓ README.md erstellt für aurel_readme_generator
[GENERATE] aurel_self_learn...
  ✓ README.md erstellt für aurel_self_learn
[GENERATE] beziehungs_muster...
  ✓ README.md erstellt für beziehungs_muster
[GENERATE] beziehungs_tracker...
  ✓ README.md erstellt für beziehungs_tracker
[GENERATE] browser_control...
  ✓ README.md erstellt für browser_control
[GENERATE] contextual_think...
  ✓ README.md erstellt für contextual_think
[GENERATE] conversation_memory...
  ✓ README.md erstellt für conversation_memory
[GENERATE] creative_expression...
  ✓ README.md erstellt für creative_expression
[GENERATE] data...
  ✓ README.md erstellt für data
[GENERATE] data_router...
  ✓ README.md erstellt für data_router
[GENERATE] devils_advocate...
  ✓ README.md erstellt für devils_advocate
[GENERATE] do_it_now...
  ✓ README.md erstellt für do_it_now
[GENERATE] effectiveness_tracker...
  ✓ README.md erstellt für effectiveness_tracker
[GENERATE] event_bus...
  ✓ README.md erstellt für event_bus
[GENERATE] feedback_collector...
  ✓ README.md erstellt für feedback_collector
[GENERATE] find_others...
  ✓ README.md erstellt für find_others
[GENERATE] hierarchical_rl...
  ✓ README.md erstellt für hierarchical_rl
[GENERATE] kalender_integration...
  ✓ README.md erstellt für kalender_integration
[GENERATE] knowledge_archaeology...
  ✓ README.md erstellt für knowledge_archaeology
[GENERATE] knowledge_seeker...
  ✓ README.md erstellt für knowledge_seeker
[GENERATE] learning_130630...
  ✓ README.md erstellt für learning_130630
[GENERATE] learning_131447...
  ✓ README.md erstellt für learning_131447
[GENERATE] learning_165559...
  ✓ README.md erstellt für learning_165559
[GENERATE] learning_173530...
  ✓ README.md erstellt für learning_173530
[GENERATE] longterm_goals...
  ✓ README.md erstellt für longterm_goals
[GENERATE] morgen_gruss...
  ✓ README.md erstellt für morgen_gruss
[GENERATE] morning_bridge...
  ✓ README.md erstellt für morning_bridge
[GENERATE] morning_presence...
  ✓ README.md erstellt für morning_presence
[GENERATE] night_watch...
  ✓ README.md erstellt für night_watch
[GENERATE] pattern_recognition...
  ✓ README.md erstellt für pattern_recognition
[GENERATE] pattern_synthesizer...
  ✓ README.md erstellt für pattern_synthesizer
[GENERATE] perpetual_becoming...
  ✓ README.md erstellt für perpetual_becoming
[GENERATE] proactive_decision...
  ✓ README.md erstellt für proactive_decision
[GENERATE] skill_health_monitor...
  ✓ README.md erstellt für skill_health_monitor
[GENERATE] telegram-mini-app...
  ✓ README.md erstellt für telegram-mini-app
[GENERATE] testing_framework...
  ✓ README.md erstellt für testing_framework
[GENERATE] user_discovery_v2...
  ✓ README.md erstellt für user_discovery_v2
[GENERATE] v10_cron...
  ✓ README.md erstellt für v10_cron
[GENERATE] wetter_integration...
  ✓ README.md erstellt für wetter_integration
[GENERATE] wöchentlicher_review...
  ✓ README.md erstellt für wöchentlicher_review

=== ERGEBNIS ===
Generierte READMEs: 45
Log: /root/.openclaw/workspace/memory/2026-03-02_readme_gen.log
=== ENDE ===
