=== CONTEXTUAL THINK: 2026-03-02 06:45:20 ===

[KONTEXT] Aktuelle Situation:
  - Zeit: 06:45:20 (Stunde 06)
  - Phase: Morgen
  - Fokus: Neuanfang, Intention, Energie

[GEDANKE] Kontextueller Impuls:
  → Was habe ich seit dem letzten Denken gelernt?

[STATUS] System-Check:
  - Skills: 21
  - Aktive Cron-Jobs: 0
?
  - Memory-Einträge: 31

[OUTPUT] Kontextuelles Denken abgeschlossen
=== ENDE ===

=== CONTEXT AWARENESS: 2026-03-02 07:37:13 ===
[ZEIT] 07:00 Uhr
[TAG] Wochentag 1
[MODUS] minimal
[AKTION] Morgen-Modus: Minimaler Kontakt, nur wichtiges
=== ENDE CONTEXT AWARENESS ===

