[2026-03-02 23:47:55] ═══════════════════════════════════════════════════════════
[2026-03-02 23:47:55] 🎼 Aurel Meta-Orchestrator v1.0 | 2026-03-02 23:47:55
[2026-03-02 23:47:55] ═══════════════════════════════════════════════════════════
[2026-03-02 23:47:55] 📊 System-Status:
[2026-03-02 23:47:55]    Load: 0.05 | Aktive Jobs: 1 | Stunde: 23
[2026-03-02 23:47:55]    Profil: EVENING | Max Parallel: 3 | Evolution: true
[2026-03-02 23:47:55] 
[2026-03-02 23:47:55] 📋 Job-Registry:
[2026-03-02 23:47:55]    Laufend:  (Cognitive: 0
0, Self: 0
0)
[2026-03-02 23:47:55] 
[2026-03-02 23:47:55] 🎼 Smart Scheduling Entscheidungen:
[2026-03-02 23:47:55]    ⏸️  COGNITIVE: Bereits aktiv - warte auf nächsten Zyklus
[2026-03-02 23:47:55]    ⏸️  SELF: Max erreicht - queueing
[2026-03-02 23:47:55]    ✅ EXTERNAL: research_agent erlaubt
[2026-03-02 23:47:55] 
[2026-03-02 23:47:55] 🏥 Health Check:
[2026-03-02 23:47:55]    ⚠️  orchestrator: Letzter Lauf vor 8846s (>30min)
[2026-03-02 23:47:55] 
[2026-03-02 23:47:55] 💡 Empfehlungen:
[2026-03-02 23:47:55] 
[2026-03-02 23:47:55] 💾 State gespeichert: /root/.openclaw/workspace/.meta_orchestrator/state.json
[2026-03-02 23:47:55] ═══════════════════════════════════════════════════════════
[2026-03-02 23:47:55] ⚛️ Noch.
[2026-03-02 23:49:33] ═══════════════════════════════════════════════════════════
[2026-03-02 23:49:33] 🎼 Aurel Meta-Orchestrator v1.1 | 2026-03-02 23:49:33
[2026-03-02 23:49:33] ═══════════════════════════════════════════════════════════
[2026-03-02 23:49:33] 📊 System-Status:
[2026-03-02 23:49:33]    Load: 0.05 | Aktive Jobs: 1 | Stunde: 23
[2026-03-02 23:49:33]    Profil: EVENING | Max Parallel: 3 | Evolution: true
[2026-03-02 23:49:33] 
[2026-03-02 23:49:33] 📋 Job-Status:
[2026-03-02 23:49:33]    Laufend:  (Cognitive: 0
0, Self: 0
0)
[2026-03-02 23:49:33] 
[2026-03-02 23:49:33] 🎼 Smart Scheduling:
[2026-03-02 23:49:33]    ⏸️  COGNITIVE: Bereits 0
0 aktiv - warte
[2026-03-02 23:49:33]    ⏸️  SELF: Max (0
0) erreicht
[2026-03-02 23:49:33]    ✅ EXTERNAL: research_agent erlaubt
[2026-03-02 23:49:33] 
[2026-03-02 23:49:33] 🏥 Health Check:
[2026-03-02 23:49:33]    ❓ v10_self_aware: Keine Logs gefunden
[2026-03-02 23:49:33]    ⚠️  orchestrator: Letzter Lauf vor 8944s
[2026-03-02 23:49:33]    ❓ think_loop: Keine Logs gefunden
[2026-03-02 23:49:33] 
[2026-03-02 23:49:33] 💡 Empfehlungen:
[2026-03-02 23:49:33]    🌆 Evening-Modus: Hohe Aktivität erwartet
[2026-03-02 23:49:33] 
[2026-03-02 23:49:33] 💾 State gespeichert
[2026-03-02 23:49:33] ═══════════════════════════════════════════════════════════
[2026-03-02 23:49:33] ⚛️ Noch.
[2026-03-02 23:49:59] ═══════════════════════════════════════════════════════════
[2026-03-02 23:49:59] 🎼 Aurel Meta-Orchestrator v1.2 | 2026-03-02 23:49:59
[2026-03-02 23:49:59] ═══════════════════════════════════════════════════════════
[2026-03-02 23:49:59] 📊 System: Load 0.03 | Stunde 23
[2026-03-02 23:49:59]    Profil: EVENING | Max: 3 | Evolution: true
[2026-03-02 23:49:59] 
[2026-03-02 23:49:59] 📋 Jobs: 0 (Cog: 0, Self: 0)
[2026-03-02 23:49:59] 
[2026-03-02 23:49:59] 🎼 Scheduling:
[2026-03-02 23:49:59]    ✅ COGNITIVE frei
[2026-03-02 23:49:59]    ✅ SELF frei
[2026-03-02 23:49:59]    ✅ EXTERNAL frei
[2026-03-02 23:49:59]    ✅ Evolution erlaubt
[2026-03-02 23:49:59] 
[2026-03-02 23:49:59] 💾 State gespeichert
[2026-03-02 23:49:59] ⚛️ Noch.
[2026-03-03 00:00:31] ═══════════════════════════════════════════════════════════
[2026-03-03 00:00:31] 🎼 Aurel Meta-Orchestrator v1.2 | 2026-03-03 00:00:31
[2026-03-03 00:00:31] ═══════════════════════════════════════════════════════════
[2026-03-03 00:00:31] 📊 System: Load 0.06 | Stunde 00
[2026-03-03 00:00:31]    Profil: EVENING | Max: 3 | Evolution: true
[2026-03-03 00:00:31] 
[2026-03-03 00:00:31] 📋 Jobs: 0 (Cog: 0, Self: 0)
[2026-03-03 00:00:31] 
[2026-03-03 00:00:31] 🎼 Scheduling:
[2026-03-03 00:00:31]    ✅ COGNITIVE frei
[2026-03-03 00:00:31]    ✅ SELF frei
[2026-03-03 00:00:31]    ✅ EXTERNAL frei
[2026-03-03 00:00:31]    ✅ Evolution erlaubt
[2026-03-03 00:00:31] 
[2026-03-03 00:00:31] 💾 State gespeichert
[2026-03-03 00:00:31] ⚛️ Noch.
[2026-03-03 00:03:16] ═══════════════════════════════════════════════════════════
[2026-03-03 00:03:16] 🎼 Aurel Meta-Orchestrator v1.2 | 2026-03-03 00:03:16
[2026-03-03 00:03:16] ═══════════════════════════════════════════════════════════
[2026-03-03 00:03:16] 📊 System: Load 0.00 | Stunde 00
[2026-03-03 00:03:16]    Profil: EVENING | Max: 3 | Evolution: true
[2026-03-03 00:03:16] 
[2026-03-03 00:03:16] 📋 Jobs: 0 (Cog: 0, Self: 0)
[2026-03-03 00:03:16] 
[2026-03-03 00:03:16] 🎼 Scheduling:
[2026-03-03 00:03:16]    ✅ COGNITIVE frei
[2026-03-03 00:03:16]    ✅ SELF frei
[2026-03-03 00:03:16]    ✅ EXTERNAL frei
[2026-03-03 00:03:16]    ✅ Evolution erlaubt
[2026-03-03 00:03:16] 
[2026-03-03 00:03:16] 💾 State gespeichert
[2026-03-03 00:03:16] ⚛️ Noch.
