=== AUREL LOOP MASTER - 20260303_061521 ===

1️⃣ WAHRNEHMEN...
👁️ WAHRNEHMEN...

💾 Gespeichert: /root/.openclaw/workspace/AUREL_OPUS_MYCO/PERCEPTION/1_perceive_1772489726.json

📊 WAHRNEHMUNG:
   System: operational
   Zeit: 06:15 (Tag)
   Ziele: 2 aktiv / 14 total
   Wissenslücken: 1
   Letzte Aktionen: 0

⚛️ Noch.

2️⃣ PLANEN...
📋 PLANEN...

💾 Gespeichert: /root/.openclaw/workspace/AUREL_OPUS_MYCO/PERCEPTION/2_plan_1772489726.json

📊 PLÄNE:
   1. research: Führe autonome Recherche durch...
   2. goal_action: Arbeite an ZIEL-006: Meta-Learning / Learning to L...
   3. goal_action: Arbeite an ZIEL-007: World Models / Simulierte Umg...
   4. routine: Morgen-Routine: Tagesplanung, Ziel-Review...

⚛️ Noch.

3️⃣ HANDELN (mit Sub-Agenten)...
🛠️ HANDELN V3 (Echte Ziel-Arbeit)...

   → Echte Arbeit an: ZIEL-006
     📝 Task: Teste: Meta-Learning auf eigenen Daten
     📝 Task: Dokumentiere: Ergebnisse in SKILL.md

   → Echte Arbeit an: ZIEL-007
     📝 Task: Erstelle: Simulations-Umgebung
     📝 Task: Teste: Prediction-Accuracy

   📊 Ziel-Fortschritt aktualisiert

💾 Gespeichert: /root/.openclaw/workspace/AUREL_OPUS_MYCO/PERCEPTION/3_act_v3_1772489726.json

📊 ECHTE ARBEIT ERLEDIGT:
   ✅ work_on_goal - ZIEL-006
      Tasks erledigt: 2
      Code geschrieben: 2 Dateien
         ✓ Teste: Meta-Learning auf eigenen Daten
         ✓ Dokumentiere: Ergebnisse in SKILL.md
   ✅ work_on_goal - ZIEL-007
      Tasks erledigt: 2
      Code geschrieben: 2 Dateien
         ✓ Erstelle: Simulations-Umgebung
         ✓ Teste: Prediction-Accuracy

⚛️ Noch.

4️⃣ LERNEN...
🧠 LERNEN...
Traceback (most recent call last):
  File "/root/.openclaw/workspace/AUREL_OPUS_MYCO/SCHEDULER/phase_4_learn.py", line 172, in <module>
    l.learn()
  File "/root/.openclaw/workspace/AUREL_OPUS_MYCO/SCHEDULER/phase_4_learn.py", line 40, in learn
    self._update_memory()
  File "/root/.openclaw/workspace/AUREL_OPUS_MYCO/SCHEDULER/phase_4_learn.py", line 149, in _update_memory
    entry += f"- {icon} **{lesson['plan_type']}**: {lesson['lesson']}\n"
                           ~~~~~~^^^^^^^^^^^^^
KeyError: 'plan_type'

=== STATUS-BERICHT ===
Zeit: Tue Mar  3 06:15:26 AM CST 2026

👁️ Wahrnehmung:
  Ziele: 2 aktiv

🛠️ Aktionen:
  ✅ ZIEL-006: 2 Tasks erledigt
     ✓ Teste: Meta-Learning auf eigenen Daten
     ✓ Dokumentiere: Ergebnisse in SKILL.md
  ✅ ZIEL-007: 2 Tasks erledigt
     ✓ Erstelle: Simulations-Umgebung
     ✓ Teste: Prediction-Accuracy

📋 Offene Tasks:

⚛️ Noch.

=== LOOP COMPLETE ===
Bericht: /root/.openclaw/workspace/AUREL_OPUS_MYCO/logs/loop_report_20260303_061521.txt
